<?xml version="1.0" encoding="UTF-8"?>
<!-- Generated by org.testng.reporters.JUnitXMLReporter -->
<testsuite hostname="LAPTOP-UDHL79C8" ignored="0" name="Test" tests="8" failures="4" timestamp="30 Nov 2019 15:34:03 GMT" time="77.702" errors="0">
  <testcase name="@AfterClass CloseBrowswe" time="27.995" classname="com.amazon.qa.testcases.CheckoutPageTest">
    <failure type="org.openqa.selenium.NoSuchElementException" message="no such element: Unable to locate element: {&amp;quot;method&amp;quot;:&amp;quot;css selector&amp;quot;,&amp;quot;selector&amp;quot;:&amp;quot;#firstname\-placeholder&amp;quot;}
  (Session info: chrome=78.0.3904.108)
For documentation on this error, please visit: http://seleniumhq.org/exceptions/no_such_element.html
Build info: version: &amp;apos;3.14.0&amp;apos;, revision: &amp;apos;aacccce0&amp;apos;, time: &amp;apos;2018-08-02T20:19:58.91Z&amp;apos;
System info: host: &amp;apos;LAPTOP-UDHL79C8&amp;apos;, ip: &amp;apos;192.168.1.7&amp;apos;, os.name: &amp;apos;Windows 10&amp;apos;, os.arch: &amp;apos;amd64&amp;apos;, os.version: &amp;apos;10.0&amp;apos;, java.version: &amp;apos;1.8.0_121&amp;apos;
Driver info: org.openqa.selenium.chrome.ChromeDriver
Capabilities {acceptInsecureCerts: false, browserName: chrome, browserVersion: 78.0.3904.108, chrome: {chromedriverVersion: 78.0.3904.105 (60e2d8774a81..., userDataDir: C:\Users\Santosh\AppData\Lo...}, goog:chromeOptions: {debuggerAddress: localhost:53439}, javascriptEnabled: true, networkConnectionEnabled: false, pageLoadStrategy: normal, platform: XP, platformName: XP, proxy: Proxy(), setWindowRect: true, strictFileInteractability: false, timeouts: {implicit: 0, pageLoad: 300000, script: 30000}, unhandledPromptBehavior: dismiss and notify}
Session ID: 0af09ad90d3ada2789b0497c5d10407e
*** Element info: {Using=id, value=firstname-placeholder}">
      <![CDATA[org.openqa.selenium.NoSuchElementException: no such element: Unable to locate element: {"method":"css selector","selector":"#firstname\-placeholder"}
  (Session info: chrome=78.0.3904.108)
For documentation on this error, please visit: http://seleniumhq.org/exceptions/no_such_element.html
Build info: version: '3.14.0', revision: 'aacccce0', time: '2018-08-02T20:19:58.91Z'
System info: host: 'LAPTOP-UDHL79C8', ip: '192.168.1.7', os.name: 'Windows 10', os.arch: 'amd64', os.version: '10.0', java.version: '1.8.0_121'
Driver info: org.openqa.selenium.chrome.ChromeDriver
Capabilities {acceptInsecureCerts: false, browserName: chrome, browserVersion: 78.0.3904.108, chrome: {chromedriverVersion: 78.0.3904.105 (60e2d8774a81..., userDataDir: C:\Users\Santosh\AppData\Lo...}, goog:chromeOptions: {debuggerAddress: localhost:53439}, javascriptEnabled: true, networkConnectionEnabled: false, pageLoadStrategy: normal, platform: XP, platformName: XP, proxy: Proxy(), setWindowRect: true, strictFileInteractability: false, timeouts: {implicit: 0, pageLoad: 300000, script: 30000}, unhandledPromptBehavior: dismiss and notify}
Session ID: 0af09ad90d3ada2789b0497c5d10407e
*** Element info: {Using=id, value=firstname-placeholder}
	at org.openqa.selenium.remote.http.W3CHttpResponseCodec.createException(W3CHttpResponseCodec.java:187)
	at org.openqa.selenium.remote.http.W3CHttpResponseCodec.decode(W3CHttpResponseCodec.java:122)
	at org.openqa.selenium.remote.http.W3CHttpResponseCodec.decode(W3CHttpResponseCodec.java:49)
	at org.openqa.selenium.remote.HttpCommandExecutor.execute(HttpCommandExecutor.java:158)
	at org.openqa.selenium.remote.service.DriverCommandExecutor.execute(DriverCommandExecutor.java:83)
	at org.openqa.selenium.remote.RemoteWebDriver.execute(RemoteWebDriver.java:548)
	at org.openqa.selenium.remote.RemoteWebDriver.findElement(RemoteWebDriver.java:322)
	at org.openqa.selenium.remote.RemoteWebDriver.findElementById(RemoteWebDriver.java:368)
	at org.openqa.selenium.By$ById.findElement(By.java:188)
	at org.openqa.selenium.remote.RemoteWebDriver.findElement(RemoteWebDriver.java:314)
	at com.amazon.qa.pages.CheckoutPage.MakePayment(CheckoutPage.java:71)
	at com.amazon.qa.testcases.CheckoutPageTest.CloseBrowswe(CheckoutPageTest.java:32)
... Removed 29 stack frames]]>
    </failure>
  </testcase> <!-- @AfterClass CloseBrowswe -->
  <testcase name="ValidatePageTitle" time="0.018" classname="com.amazon.qa.testcases.LoginPageTest"/>
  <testcase name="ValidatePageTitle" time="0.029" classname="com.amazon.qa.testcases.HomePageTest"/>
  <testcase name="ValidatePageTitle" time="0.013" classname="com.amazon.qa.testcases.ProductPageTest"/>
  <testcase name="ValidatePageTitle" time="0.069" classname="com.amazon.qa.testcases.CheckoutPageTest"/>
  <testcase name="ValidatePageURL" time="0.017" classname="com.amazon.qa.testcases.LoginPageTest">
    <failure type="java.lang.AssertionError" message="expected [https://www.amazon.in/gp/huc/view.html?ie=UTF8&amp;amp;newItems=C6bf35216-73f9-4e08-91d4-33657096de7f%2C3] but found [https://www.amazon.in/gp/huc/view.html?ie=UTF8&amp;amp;newItems=C72f24396-c130-47f4-8acd-7ac9bd79c1ec%2C3]">
      <![CDATA[java.lang.AssertionError: expected [https://www.amazon.in/gp/huc/view.html?ie=UTF8&newItems=C6bf35216-73f9-4e08-91d4-33657096de7f%2C3] but found [https://www.amazon.in/gp/huc/view.html?ie=UTF8&newItems=C72f24396-c130-47f4-8acd-7ac9bd79c1ec%2C3]
	at com.amazon.qa.testcases.LoginPageTest.ValidatePageURL(LoginPageTest.java:41)
... Removed 31 stack frames]]>
    </failure>
  </testcase> <!-- ValidatePageURL -->
  <testcase name="ValidatePageURL" time="0.008" classname="com.amazon.qa.testcases.HomePageTest">
    <failure type="java.lang.AssertionError" message="expected [https://www.amazon.in/gp/huc/view.html?ie=UTF8&amp;amp;newItems=C6bf35216-73f9-4e08-91d4-33657096de7f%2C3] but found [https://www.amazon.in/gp/huc/view.html?ie=UTF8&amp;amp;newItems=C72f24396-c130-47f4-8acd-7ac9bd79c1ec%2C3]">
      <![CDATA[java.lang.AssertionError: expected [https://www.amazon.in/gp/huc/view.html?ie=UTF8&newItems=C6bf35216-73f9-4e08-91d4-33657096de7f%2C3] but found [https://www.amazon.in/gp/huc/view.html?ie=UTF8&newItems=C72f24396-c130-47f4-8acd-7ac9bd79c1ec%2C3]
	at com.amazon.qa.testcases.HomePageTest.ValidatePageURL(HomePageTest.java:44)
... Removed 31 stack frames]]>
    </failure>
  </testcase> <!-- ValidatePageURL -->
  <testcase name="ValidatePageURL" time="0.031" classname="com.amazon.qa.testcases.ProductPageTest">
    <failure type="java.lang.AssertionError" message="expected [[https://www.amazon.in/gp/huc/view.html?ie=UTF8&amp;amp;newItems=C6bf35216-73f9-4e08-91d4-33657096de7f%2C3] but found [https://www.amazon.in/gp/huc/view.html?ie=UTF8&amp;amp;newItems=C72f24396-c130-47f4-8acd-7ac9bd79c1ec%2C3]">
      <![CDATA[java.lang.AssertionError: expected [[https://www.amazon.in/gp/huc/view.html?ie=UTF8&newItems=C6bf35216-73f9-4e08-91d4-33657096de7f%2C3] but found [https://www.amazon.in/gp/huc/view.html?ie=UTF8&newItems=C72f24396-c130-47f4-8acd-7ac9bd79c1ec%2C3]
	at com.amazon.qa.testcases.ProductPageTest.ValidatePageURL(ProductPageTest.java:45)
... Removed 31 stack frames]]>
    </failure>
  </testcase> <!-- ValidatePageURL -->
  <testcase name="ValidatePageURL" time="0.016" classname="com.amazon.qa.testcases.CheckoutPageTest">
    <failure type="java.lang.AssertionError" message="expected [https://www.amazon.in/gp/huc/view.html?ie=UTF8&amp;amp;newItems=C6bf35216-73f9-4e08-91d4-33657096de7f%2C3] but found [https://www.amazon.in/gp/huc/view.html?ie=UTF8&amp;amp;newItems=C72f24396-c130-47f4-8acd-7ac9bd79c1ec%2C3]">
      <![CDATA[java.lang.AssertionError: expected [https://www.amazon.in/gp/huc/view.html?ie=UTF8&newItems=C6bf35216-73f9-4e08-91d4-33657096de7f%2C3] but found [https://www.amazon.in/gp/huc/view.html?ie=UTF8&newItems=C72f24396-c130-47f4-8acd-7ac9bd79c1ec%2C3]
	at com.amazon.qa.testcases.CheckoutPageTest.ValidatePageURL(CheckoutPageTest.java:45)
... Removed 31 stack frames]]>
    </failure>
  </testcase> <!-- ValidatePageURL -->
</testsuite> <!-- Test -->
