<!DOCTYPE html PUBLIC "-//W3C//DTD XHTML 1.1//EN" "http://www.w3.org/TR/xhtml11/DTD/xhtml11.dtd">
<html xmlns="http://www.w3.org/1999/xhtml"><head><title>TestNG Report</title><style type="text/css">table {margin-bottom:10px;border-collapse:collapse;empty-cells:show}th,td {border:1px solid #009;padding:.25em .5em}th {vertical-align:bottom}td {vertical-align:top}table a {font-weight:bold}.stripe td {background-color: #E6EBF9}.num {text-align:right}.passedodd td {background-color: #3F3}.passedeven td {background-color: #0A0}.skippedodd td {background-color: #DDD}.skippedeven td {background-color: #CCC}.failedodd td,.attn {background-color: #F33}.failedeven td,.stripe .attn {background-color: #D00}.stacktrace {white-space:pre;font-family:monospace}.totop {font-size:85%;text-align:center;border-bottom:2px solid #000}</style></head><body><table><tr><th>Test</th><th># Passed</th><th># Skipped</th><th># Failed</th><th>Time (ms)</th><th>Included Groups</th><th>Excluded Groups</th></tr><tr><th colspan="7">Suite</th></tr><tr><td><a href="#t0">Test</a></td><td class="num">4</td><td class="num">0</td><td class="num attn">4</td><td class="num">77,702</td><td></td><td></td></tr></table><table id='summary'><thead><tr><th>Class</th><th>Method</th><th>Start</th><th>Time (ms)</th></tr></thead><tbody><tr><th colspan="4">Suite</th></tr></tbody><tbody id="t0"><tr><th colspan="4">Test &#8212; failed (configuration methods)</th></tr><tr class="failedeven"><td rowspan="1">com.amazon.qa.testcases.CheckoutPageTest</td><td><a href="#m0">CloseBrowswe</a></td><td rowspan="1">1575128015382</td><td rowspan="1">27995</td></tr><tr><th colspan="4">Test &#8212; failed</th></tr><tr class="failedeven"><td rowspan="1">com.amazon.qa.testcases.CheckoutPageTest</td><td><a href="#m1">ValidatePageURL</a></td><td rowspan="1">1575128015365</td><td rowspan="1">16</td></tr><tr class="failedodd"><td rowspan="1">com.amazon.qa.testcases.HomePageTest</td><td><a href="#m2">ValidatePageURL</a></td><td rowspan="1">1575128015319</td><td rowspan="1">8</td></tr><tr class="failedeven"><td rowspan="1">com.amazon.qa.testcases.LoginPageTest</td><td><a href="#m3">ValidatePageURL</a></td><td rowspan="1">1575128015297</td><td rowspan="1">17</td></tr><tr class="failedodd"><td rowspan="1">com.amazon.qa.testcases.ProductPageTest</td><td><a href="#m4">ValidatePageURL</a></td><td rowspan="1">1575128015330</td><td rowspan="1">31</td></tr><tr><th colspan="4">Test &#8212; passed</th></tr><tr class="passedeven"><td rowspan="1">com.amazon.qa.testcases.CheckoutPageTest</td><td><a href="#m5">ValidatePageTitle</a></td><td rowspan="1">1575128015227</td><td rowspan="1">69</td></tr><tr class="passedodd"><td rowspan="1">com.amazon.qa.testcases.HomePageTest</td><td><a href="#m6">ValidatePageTitle</a></td><td rowspan="1">1575127983743</td><td rowspan="1">29</td></tr><tr class="passedeven"><td rowspan="1">com.amazon.qa.testcases.LoginPageTest</td><td><a href="#m7">ValidatePageTitle</a></td><td rowspan="1">1575127965710</td><td rowspan="1">18</td></tr><tr class="passedodd"><td rowspan="1">com.amazon.qa.testcases.ProductPageTest</td><td><a href="#m8">ValidatePageTitle</a></td><td rowspan="1">1575127995121</td><td rowspan="1">13</td></tr></tbody></table><h2>Test</h2><h3 id="m0">com.amazon.qa.testcases.CheckoutPageTest#CloseBrowswe</h3><table class="result"><tr><th>Exception</th></tr><tr><td><div class="stacktrace">org.openqa.selenium.NoSuchElementException: no such element: Unable to locate element: {&quot;method&quot;:&quot;css selector&quot;,&quot;selector&quot;:&quot;#firstname\-placeholder&quot;}
  (Session info: chrome=78.0.3904.108)
For documentation on this error, please visit: http://seleniumhq.org/exceptions/no_such_element.html
Build info: version: &apos;3.14.0&apos;, revision: &apos;aacccce0&apos;, time: &apos;2018-08-02T20:19:58.91Z&apos;
System info: host: &apos;LAPTOP-UDHL79C8&apos;, ip: &apos;192.168.1.7&apos;, os.name: &apos;Windows 10&apos;, os.arch: &apos;amd64&apos;, os.version: &apos;10.0&apos;, java.version: &apos;1.8.0_121&apos;
Driver info: org.openqa.selenium.chrome.ChromeDriver
Capabilities {acceptInsecureCerts: false, browserName: chrome, browserVersion: 78.0.3904.108, chrome: {chromedriverVersion: 78.0.3904.105 (60e2d8774a81..., userDataDir: C:\Users\Santosh\AppData\Lo...}, goog:chromeOptions: {debuggerAddress: localhost:53439}, javascriptEnabled: true, networkConnectionEnabled: false, pageLoadStrategy: normal, platform: XP, platformName: XP, proxy: Proxy(), setWindowRect: true, strictFileInteractability: false, timeouts: {implicit: 0, pageLoad: 300000, script: 30000}, unhandledPromptBehavior: dismiss and notify}
Session ID: 0af09ad90d3ada2789b0497c5d10407e
*** Element info: {Using=id, value=firstname-placeholder}
	at org.openqa.selenium.remote.http.W3CHttpResponseCodec.createException(W3CHttpResponseCodec.java:187)
	at org.openqa.selenium.remote.http.W3CHttpResponseCodec.decode(W3CHttpResponseCodec.java:122)
	at org.openqa.selenium.remote.http.W3CHttpResponseCodec.decode(W3CHttpResponseCodec.java:49)
	at org.openqa.selenium.remote.HttpCommandExecutor.execute(HttpCommandExecutor.java:158)
	at org.openqa.selenium.remote.service.DriverCommandExecutor.execute(DriverCommandExecutor.java:83)
	at org.openqa.selenium.remote.RemoteWebDriver.execute(RemoteWebDriver.java:548)
	at org.openqa.selenium.remote.RemoteWebDriver.findElement(RemoteWebDriver.java:322)
	at org.openqa.selenium.remote.RemoteWebDriver.findElementById(RemoteWebDriver.java:368)
	at org.openqa.selenium.By$ById.findElement(By.java:188)
	at org.openqa.selenium.remote.RemoteWebDriver.findElement(RemoteWebDriver.java:314)
	at com.amazon.qa.pages.CheckoutPage.MakePayment(CheckoutPage.java:71)
	at com.amazon.qa.testcases.CheckoutPageTest.CloseBrowswe(CheckoutPageTest.java:32)
... Removed 29 stack frames</div></td></tr></table><p class="totop"><a href="#summary">back to summary</a></p><h3 id="m1">com.amazon.qa.testcases.CheckoutPageTest#ValidatePageURL</h3><table class="result"><tr><th>Exception</th></tr><tr><td><div class="stacktrace">java.lang.AssertionError: expected [https://www.amazon.in/gp/huc/view.html?ie=UTF8&amp;newItems=C6bf35216-73f9-4e08-91d4-33657096de7f%2C3] but found [https://www.amazon.in/gp/huc/view.html?ie=UTF8&amp;newItems=C72f24396-c130-47f4-8acd-7ac9bd79c1ec%2C3]
	at com.amazon.qa.testcases.CheckoutPageTest.ValidatePageURL(CheckoutPageTest.java:45)
... Removed 31 stack frames</div></td></tr></table><p class="totop"><a href="#summary">back to summary</a></p><h3 id="m2">com.amazon.qa.testcases.HomePageTest#ValidatePageURL</h3><table class="result"><tr><th>Exception</th></tr><tr><td><div class="stacktrace">java.lang.AssertionError: expected [https://www.amazon.in/gp/huc/view.html?ie=UTF8&amp;newItems=C6bf35216-73f9-4e08-91d4-33657096de7f%2C3] but found [https://www.amazon.in/gp/huc/view.html?ie=UTF8&amp;newItems=C72f24396-c130-47f4-8acd-7ac9bd79c1ec%2C3]
	at com.amazon.qa.testcases.HomePageTest.ValidatePageURL(HomePageTest.java:44)
... Removed 31 stack frames</div></td></tr></table><p class="totop"><a href="#summary">back to summary</a></p><h3 id="m3">com.amazon.qa.testcases.LoginPageTest#ValidatePageURL</h3><table class="result"><tr><th>Exception</th></tr><tr><td><div class="stacktrace">java.lang.AssertionError: expected [https://www.amazon.in/gp/huc/view.html?ie=UTF8&amp;newItems=C6bf35216-73f9-4e08-91d4-33657096de7f%2C3] but found [https://www.amazon.in/gp/huc/view.html?ie=UTF8&amp;newItems=C72f24396-c130-47f4-8acd-7ac9bd79c1ec%2C3]
	at com.amazon.qa.testcases.LoginPageTest.ValidatePageURL(LoginPageTest.java:41)
... Removed 31 stack frames</div></td></tr></table><p class="totop"><a href="#summary">back to summary</a></p><h3 id="m4">com.amazon.qa.testcases.ProductPageTest#ValidatePageURL</h3><table class="result"><tr><th>Exception</th></tr><tr><td><div class="stacktrace">java.lang.AssertionError: expected [[https://www.amazon.in/gp/huc/view.html?ie=UTF8&amp;newItems=C6bf35216-73f9-4e08-91d4-33657096de7f%2C3] but found [https://www.amazon.in/gp/huc/view.html?ie=UTF8&amp;newItems=C72f24396-c130-47f4-8acd-7ac9bd79c1ec%2C3]
	at com.amazon.qa.testcases.ProductPageTest.ValidatePageURL(ProductPageTest.java:45)
... Removed 31 stack frames</div></td></tr></table><p class="totop"><a href="#summary">back to summary</a></p><h3 id="m5">com.amazon.qa.testcases.CheckoutPageTest#ValidatePageTitle</h3><table class="result"></table><p class="totop"><a href="#summary">back to summary</a></p><h3 id="m6">com.amazon.qa.testcases.HomePageTest#ValidatePageTitle</h3><table class="result"></table><p class="totop"><a href="#summary">back to summary</a></p><h3 id="m7">com.amazon.qa.testcases.LoginPageTest#ValidatePageTitle</h3><table class="result"></table><p class="totop"><a href="#summary">back to summary</a></p><h3 id="m8">com.amazon.qa.testcases.ProductPageTest#ValidatePageTitle</h3><table class="result"></table><p class="totop"><a href="#summary">back to summary</a></p></body></html>