<?xml version="1.0" encoding="UTF-8"?>
<testng-results skipped="0" failed="4" ignored="0" total="8" passed="4">
  <reporter-output>
  </reporter-output>
  <suite name="Suite" duration-ms="77702" started-at="2019-11-30T15:32:45Z" finished-at="2019-11-30T15:34:03Z">
    <groups>
    </groups>
    <test name="Test" duration-ms="77702" started-at="2019-11-30T15:32:45Z" finished-at="2019-11-30T15:34:03Z">
      <class name="com.amazon.qa.testcases.CheckoutPageTest">
        <test-method status="PASS" signature="setup()[pri:0, instance:com.amazon.qa.testcases.CheckoutPageTest@6093dd95]" name="setup" is-config="true" duration-ms="20091" started-at="2019-11-30T21:03:15Z" finished-at="2019-11-30T21:03:35Z">
          <reporter-output>
          </reporter-output>
        </test-method> <!-- setup -->
        <test-method status="PASS" signature="ValidatePageTitle()[pri:1, instance:com.amazon.qa.testcases.CheckoutPageTest@6093dd95]" name="ValidatePageTitle" duration-ms="69" started-at="2019-11-30T21:03:35Z" finished-at="2019-11-30T21:03:35Z">
          <reporter-output>
          </reporter-output>
        </test-method> <!-- ValidatePageTitle -->
        <test-method status="FAIL" signature="ValidatePageURL()[pri:2, instance:com.amazon.qa.testcases.CheckoutPageTest@6093dd95]" name="ValidatePageURL" duration-ms="16" started-at="2019-11-30T21:03:35Z" finished-at="2019-11-30T21:03:35Z">
          <exception class="java.lang.AssertionError">
            <message>
              <![CDATA[expected [https://www.amazon.in/gp/huc/view.html?ie=UTF8&newItems=C6bf35216-73f9-4e08-91d4-33657096de7f%2C3] but found [https://www.amazon.in/gp/huc/view.html?ie=UTF8&newItems=C72f24396-c130-47f4-8acd-7ac9bd79c1ec%2C3]]]>
            </message>
            <full-stacktrace>
              <![CDATA[java.lang.AssertionError: expected [https://www.amazon.in/gp/huc/view.html?ie=UTF8&newItems=C6bf35216-73f9-4e08-91d4-33657096de7f%2C3] but found [https://www.amazon.in/gp/huc/view.html?ie=UTF8&newItems=C72f24396-c130-47f4-8acd-7ac9bd79c1ec%2C3]
	at org.testng.Assert.fail(Assert.java:93)
	at org.testng.Assert.failNotEquals(Assert.java:512)
	at org.testng.Assert.assertEqualsImpl(Assert.java:134)
	at org.testng.Assert.assertEquals(Assert.java:115)
	at org.testng.Assert.assertEquals(Assert.java:189)
	at org.testng.Assert.assertEquals(Assert.java:199)
	at com.amazon.qa.testcases.CheckoutPageTest.ValidatePageURL(CheckoutPageTest.java:45)
	at sun.reflect.NativeMethodAccessorImpl.invoke0(Native Method)
	at sun.reflect.NativeMethodAccessorImpl.invoke(NativeMethodAccessorImpl.java:62)
	at sun.reflect.DelegatingMethodAccessorImpl.invoke(DelegatingMethodAccessorImpl.java:43)
	at java.lang.reflect.Method.invoke(Method.java:498)
	at org.testng.internal.MethodInvocationHelper.invokeMethod(MethodInvocationHelper.java:108)
	at org.testng.internal.Invoker.invokeMethod(Invoker.java:661)
	at org.testng.internal.Invoker.invokeTestMethod(Invoker.java:869)
	at org.testng.internal.Invoker.invokeTestMethods(Invoker.java:1193)
	at org.testng.internal.TestMethodWorker.invokeTestMethods(TestMethodWorker.java:126)
	at org.testng.internal.TestMethodWorker.run(TestMethodWorker.java:109)
	at org.testng.TestRunner.privateRun(TestRunner.java:744)
	at org.testng.TestRunner.run(TestRunner.java:602)
	at org.testng.SuiteRunner.runTest(SuiteRunner.java:380)
	at org.testng.SuiteRunner.runSequentially(SuiteRunner.java:375)
	at org.testng.SuiteRunner.privateRun(SuiteRunner.java:340)
	at org.testng.SuiteRunner.run(SuiteRunner.java:289)
	at org.testng.SuiteRunnerWorker.runSuite(SuiteRunnerWorker.java:52)
	at org.testng.SuiteRunnerWorker.run(SuiteRunnerWorker.java:86)
	at org.testng.TestNG.runSuitesSequentially(TestNG.java:1301)
	at org.testng.TestNG.runSuitesLocally(TestNG.java:1226)
	at org.testng.TestNG.runSuites(TestNG.java:1144)
	at org.testng.TestNG.run(TestNG.java:1115)
	at org.testng.remote.AbstractRemoteTestNG.run(AbstractRemoteTestNG.java:126)
	at org.testng.remote.RemoteTestNG.initAndRun(RemoteTestNG.java:137)
	at org.testng.remote.RemoteTestNG.main(RemoteTestNG.java:58)
]]>
            </full-stacktrace>
          </exception> <!-- java.lang.AssertionError -->
          <reporter-output>
          </reporter-output>
        </test-method> <!-- ValidatePageURL -->
        <test-method status="FAIL" signature="CloseBrowswe()[pri:0, instance:com.amazon.qa.testcases.CheckoutPageTest@6093dd95]" name="CloseBrowswe" is-config="true" duration-ms="27995" started-at="2019-11-30T21:03:35Z" finished-at="2019-11-30T21:04:03Z">
          <exception class="org.openqa.selenium.NoSuchElementException">
            <message>
              <![CDATA[no such element: Unable to locate element: {"method":"css selector","selector":"#firstname\-placeholder"}
  (Session info: chrome=78.0.3904.108)
For documentation on this error, please visit: http://seleniumhq.org/exceptions/no_such_element.html
Build info: version: '3.14.0', revision: 'aacccce0', time: '2018-08-02T20:19:58.91Z'
System info: host: 'LAPTOP-UDHL79C8', ip: '192.168.1.7', os.name: 'Windows 10', os.arch: 'amd64', os.version: '10.0', java.version: '1.8.0_121'
Driver info: org.openqa.selenium.chrome.ChromeDriver
Capabilities {acceptInsecureCerts: false, browserName: chrome, browserVersion: 78.0.3904.108, chrome: {chromedriverVersion: 78.0.3904.105 (60e2d8774a81..., userDataDir: C:\Users\Santosh\AppData\Lo...}, goog:chromeOptions: {debuggerAddress: localhost:53439}, javascriptEnabled: true, networkConnectionEnabled: false, pageLoadStrategy: normal, platform: XP, platformName: XP, proxy: Proxy(), setWindowRect: true, strictFileInteractability: false, timeouts: {implicit: 0, pageLoad: 300000, script: 30000}, unhandledPromptBehavior: dismiss and notify}
Session ID: 0af09ad90d3ada2789b0497c5d10407e
*** Element info: {Using=id, value=firstname-placeholder}]]>
            </message>
            <full-stacktrace>
              <![CDATA[org.openqa.selenium.NoSuchElementException: no such element: Unable to locate element: {"method":"css selector","selector":"#firstname\-placeholder"}
  (Session info: chrome=78.0.3904.108)
For documentation on this error, please visit: http://seleniumhq.org/exceptions/no_such_element.html
Build info: version: '3.14.0', revision: 'aacccce0', time: '2018-08-02T20:19:58.91Z'
System info: host: 'LAPTOP-UDHL79C8', ip: '192.168.1.7', os.name: 'Windows 10', os.arch: 'amd64', os.version: '10.0', java.version: '1.8.0_121'
Driver info: org.openqa.selenium.chrome.ChromeDriver
Capabilities {acceptInsecureCerts: false, browserName: chrome, browserVersion: 78.0.3904.108, chrome: {chromedriverVersion: 78.0.3904.105 (60e2d8774a81..., userDataDir: C:\Users\Santosh\AppData\Lo...}, goog:chromeOptions: {debuggerAddress: localhost:53439}, javascriptEnabled: true, networkConnectionEnabled: false, pageLoadStrategy: normal, platform: XP, platformName: XP, proxy: Proxy(), setWindowRect: true, strictFileInteractability: false, timeouts: {implicit: 0, pageLoad: 300000, script: 30000}, unhandledPromptBehavior: dismiss and notify}
Session ID: 0af09ad90d3ada2789b0497c5d10407e
*** Element info: {Using=id, value=firstname-placeholder}
	at sun.reflect.NativeConstructorAccessorImpl.newInstance0(Native Method)
	at sun.reflect.NativeConstructorAccessorImpl.newInstance(NativeConstructorAccessorImpl.java:62)
	at sun.reflect.DelegatingConstructorAccessorImpl.newInstance(DelegatingConstructorAccessorImpl.java:45)
	at java.lang.reflect.Constructor.newInstance(Constructor.java:423)
	at org.openqa.selenium.remote.http.W3CHttpResponseCodec.createException(W3CHttpResponseCodec.java:187)
	at org.openqa.selenium.remote.http.W3CHttpResponseCodec.decode(W3CHttpResponseCodec.java:122)
	at org.openqa.selenium.remote.http.W3CHttpResponseCodec.decode(W3CHttpResponseCodec.java:49)
	at org.openqa.selenium.remote.HttpCommandExecutor.execute(HttpCommandExecutor.java:158)
	at org.openqa.selenium.remote.service.DriverCommandExecutor.execute(DriverCommandExecutor.java:83)
	at org.openqa.selenium.remote.RemoteWebDriver.execute(RemoteWebDriver.java:548)
	at org.openqa.selenium.remote.RemoteWebDriver.findElement(RemoteWebDriver.java:322)
	at org.openqa.selenium.remote.RemoteWebDriver.findElementById(RemoteWebDriver.java:368)
	at org.openqa.selenium.By$ById.findElement(By.java:188)
	at org.openqa.selenium.remote.RemoteWebDriver.findElement(RemoteWebDriver.java:314)
	at com.amazon.qa.pages.CheckoutPage.MakePayment(CheckoutPage.java:71)
	at com.amazon.qa.testcases.CheckoutPageTest.CloseBrowswe(CheckoutPageTest.java:32)
	at sun.reflect.NativeMethodAccessorImpl.invoke0(Native Method)
	at sun.reflect.NativeMethodAccessorImpl.invoke(NativeMethodAccessorImpl.java:62)
	at sun.reflect.DelegatingMethodAccessorImpl.invoke(DelegatingMethodAccessorImpl.java:43)
	at java.lang.reflect.Method.invoke(Method.java:498)
	at org.testng.internal.MethodInvocationHelper.invokeMethod(MethodInvocationHelper.java:108)
	at org.testng.internal.Invoker.invokeConfigurationMethod(Invoker.java:523)
	at org.testng.internal.Invoker.invokeConfigurations(Invoker.java:224)
	at org.testng.internal.Invoker.invokeConfigurations(Invoker.java:146)
	at org.testng.internal.TestMethodWorker.invokeAfterClassMethods(TestMethodWorker.java:212)
	at org.testng.internal.TestMethodWorker.run(TestMethodWorker.java:112)
	at org.testng.TestRunner.privateRun(TestRunner.java:744)
	at org.testng.TestRunner.run(TestRunner.java:602)
	at org.testng.SuiteRunner.runTest(SuiteRunner.java:380)
	at org.testng.SuiteRunner.runSequentially(SuiteRunner.java:375)
	at org.testng.SuiteRunner.privateRun(SuiteRunner.java:340)
	at org.testng.SuiteRunner.run(SuiteRunner.java:289)
	at org.testng.SuiteRunnerWorker.runSuite(SuiteRunnerWorker.java:52)
	at org.testng.SuiteRunnerWorker.run(SuiteRunnerWorker.java:86)
	at org.testng.TestNG.runSuitesSequentially(TestNG.java:1301)
	at org.testng.TestNG.runSuitesLocally(TestNG.java:1226)
	at org.testng.TestNG.runSuites(TestNG.java:1144)
	at org.testng.TestNG.run(TestNG.java:1115)
	at org.testng.remote.AbstractRemoteTestNG.run(AbstractRemoteTestNG.java:126)
	at org.testng.remote.RemoteTestNG.initAndRun(RemoteTestNG.java:137)
	at org.testng.remote.RemoteTestNG.main(RemoteTestNG.java:58)
]]>
            </full-stacktrace>
          </exception> <!-- org.openqa.selenium.NoSuchElementException -->
          <reporter-output>
          </reporter-output>
        </test-method> <!-- CloseBrowswe -->
      </class> <!-- com.amazon.qa.testcases.CheckoutPageTest -->
      <class name="com.amazon.qa.testcases.ProductPageTest">
        <test-method status="PASS" signature="setup()[pri:0, instance:com.amazon.qa.testcases.ProductPageTest@6d4b1c02]" name="setup" is-config="true" duration-ms="11347" started-at="2019-11-30T21:03:03Z" finished-at="2019-11-30T21:03:15Z">
          <reporter-output>
          </reporter-output>
        </test-method> <!-- setup -->
        <test-method status="PASS" signature="ValidatePageTitle()[pri:1, instance:com.amazon.qa.testcases.ProductPageTest@6d4b1c02]" name="ValidatePageTitle" duration-ms="13" started-at="2019-11-30T21:03:15Z" finished-at="2019-11-30T21:03:15Z">
          <reporter-output>
          </reporter-output>
        </test-method> <!-- ValidatePageTitle -->
        <test-method status="FAIL" signature="ValidatePageURL()[pri:2, instance:com.amazon.qa.testcases.ProductPageTest@6d4b1c02]" name="ValidatePageURL" duration-ms="31" started-at="2019-11-30T21:03:35Z" finished-at="2019-11-30T21:03:35Z">
          <exception class="java.lang.AssertionError">
            <message>
              <![CDATA[expected [[https://www.amazon.in/gp/huc/view.html?ie=UTF8&newItems=C6bf35216-73f9-4e08-91d4-33657096de7f%2C3] but found [https://www.amazon.in/gp/huc/view.html?ie=UTF8&newItems=C72f24396-c130-47f4-8acd-7ac9bd79c1ec%2C3]]]>
            </message>
            <full-stacktrace>
              <![CDATA[java.lang.AssertionError: expected [[https://www.amazon.in/gp/huc/view.html?ie=UTF8&newItems=C6bf35216-73f9-4e08-91d4-33657096de7f%2C3] but found [https://www.amazon.in/gp/huc/view.html?ie=UTF8&newItems=C72f24396-c130-47f4-8acd-7ac9bd79c1ec%2C3]
	at org.testng.Assert.fail(Assert.java:93)
	at org.testng.Assert.failNotEquals(Assert.java:512)
	at org.testng.Assert.assertEqualsImpl(Assert.java:134)
	at org.testng.Assert.assertEquals(Assert.java:115)
	at org.testng.Assert.assertEquals(Assert.java:189)
	at org.testng.Assert.assertEquals(Assert.java:199)
	at com.amazon.qa.testcases.ProductPageTest.ValidatePageURL(ProductPageTest.java:45)
	at sun.reflect.NativeMethodAccessorImpl.invoke0(Native Method)
	at sun.reflect.NativeMethodAccessorImpl.invoke(NativeMethodAccessorImpl.java:62)
	at sun.reflect.DelegatingMethodAccessorImpl.invoke(DelegatingMethodAccessorImpl.java:43)
	at java.lang.reflect.Method.invoke(Method.java:498)
	at org.testng.internal.MethodInvocationHelper.invokeMethod(MethodInvocationHelper.java:108)
	at org.testng.internal.Invoker.invokeMethod(Invoker.java:661)
	at org.testng.internal.Invoker.invokeTestMethod(Invoker.java:869)
	at org.testng.internal.Invoker.invokeTestMethods(Invoker.java:1193)
	at org.testng.internal.TestMethodWorker.invokeTestMethods(TestMethodWorker.java:126)
	at org.testng.internal.TestMethodWorker.run(TestMethodWorker.java:109)
	at org.testng.TestRunner.privateRun(TestRunner.java:744)
	at org.testng.TestRunner.run(TestRunner.java:602)
	at org.testng.SuiteRunner.runTest(SuiteRunner.java:380)
	at org.testng.SuiteRunner.runSequentially(SuiteRunner.java:375)
	at org.testng.SuiteRunner.privateRun(SuiteRunner.java:340)
	at org.testng.SuiteRunner.run(SuiteRunner.java:289)
	at org.testng.SuiteRunnerWorker.runSuite(SuiteRunnerWorker.java:52)
	at org.testng.SuiteRunnerWorker.run(SuiteRunnerWorker.java:86)
	at org.testng.TestNG.runSuitesSequentially(TestNG.java:1301)
	at org.testng.TestNG.runSuitesLocally(TestNG.java:1226)
	at org.testng.TestNG.runSuites(TestNG.java:1144)
	at org.testng.TestNG.run(TestNG.java:1115)
	at org.testng.remote.AbstractRemoteTestNG.run(AbstractRemoteTestNG.java:126)
	at org.testng.remote.RemoteTestNG.initAndRun(RemoteTestNG.java:137)
	at org.testng.remote.RemoteTestNG.main(RemoteTestNG.java:58)
]]>
            </full-stacktrace>
          </exception> <!-- java.lang.AssertionError -->
          <reporter-output>
          </reporter-output>
        </test-method> <!-- ValidatePageURL -->
        <test-method status="PASS" signature="CloseBrowswe()[pri:0, instance:com.amazon.qa.testcases.ProductPageTest@6d4b1c02]" name="CloseBrowswe" is-config="true" duration-ms="1" started-at="2019-11-30T21:03:35Z" finished-at="2019-11-30T21:03:35Z">
          <reporter-output>
          </reporter-output>
        </test-method> <!-- CloseBrowswe -->
      </class> <!-- com.amazon.qa.testcases.ProductPageTest -->
      <class name="com.amazon.qa.testcases.HomePageTest">
        <test-method status="PASS" signature="setup()[pri:0, instance:com.amazon.qa.testcases.HomePageTest@7cd62f43]" name="setup" is-config="true" duration-ms="18009" started-at="2019-11-30T21:02:45Z" finished-at="2019-11-30T21:03:03Z">
          <reporter-output>
          </reporter-output>
        </test-method> <!-- setup -->
        <test-method status="PASS" signature="ValidatePageTitle()[pri:1, instance:com.amazon.qa.testcases.HomePageTest@7cd62f43]" name="ValidatePageTitle" duration-ms="29" started-at="2019-11-30T21:03:03Z" finished-at="2019-11-30T21:03:03Z">
          <reporter-output>
          </reporter-output>
        </test-method> <!-- ValidatePageTitle -->
        <test-method status="FAIL" signature="ValidatePageURL()[pri:2, instance:com.amazon.qa.testcases.HomePageTest@7cd62f43]" name="ValidatePageURL" duration-ms="8" started-at="2019-11-30T21:03:35Z" finished-at="2019-11-30T21:03:35Z">
          <exception class="java.lang.AssertionError">
            <message>
              <![CDATA[expected [https://www.amazon.in/gp/huc/view.html?ie=UTF8&newItems=C6bf35216-73f9-4e08-91d4-33657096de7f%2C3] but found [https://www.amazon.in/gp/huc/view.html?ie=UTF8&newItems=C72f24396-c130-47f4-8acd-7ac9bd79c1ec%2C3]]]>
            </message>
            <full-stacktrace>
              <![CDATA[java.lang.AssertionError: expected [https://www.amazon.in/gp/huc/view.html?ie=UTF8&newItems=C6bf35216-73f9-4e08-91d4-33657096de7f%2C3] but found [https://www.amazon.in/gp/huc/view.html?ie=UTF8&newItems=C72f24396-c130-47f4-8acd-7ac9bd79c1ec%2C3]
	at org.testng.Assert.fail(Assert.java:93)
	at org.testng.Assert.failNotEquals(Assert.java:512)
	at org.testng.Assert.assertEqualsImpl(Assert.java:134)
	at org.testng.Assert.assertEquals(Assert.java:115)
	at org.testng.Assert.assertEquals(Assert.java:189)
	at org.testng.Assert.assertEquals(Assert.java:199)
	at com.amazon.qa.testcases.HomePageTest.ValidatePageURL(HomePageTest.java:44)
	at sun.reflect.NativeMethodAccessorImpl.invoke0(Native Method)
	at sun.reflect.NativeMethodAccessorImpl.invoke(NativeMethodAccessorImpl.java:62)
	at sun.reflect.DelegatingMethodAccessorImpl.invoke(DelegatingMethodAccessorImpl.java:43)
	at java.lang.reflect.Method.invoke(Method.java:498)
	at org.testng.internal.MethodInvocationHelper.invokeMethod(MethodInvocationHelper.java:108)
	at org.testng.internal.Invoker.invokeMethod(Invoker.java:661)
	at org.testng.internal.Invoker.invokeTestMethod(Invoker.java:869)
	at org.testng.internal.Invoker.invokeTestMethods(Invoker.java:1193)
	at org.testng.internal.TestMethodWorker.invokeTestMethods(TestMethodWorker.java:126)
	at org.testng.internal.TestMethodWorker.run(TestMethodWorker.java:109)
	at org.testng.TestRunner.privateRun(TestRunner.java:744)
	at org.testng.TestRunner.run(TestRunner.java:602)
	at org.testng.SuiteRunner.runTest(SuiteRunner.java:380)
	at org.testng.SuiteRunner.runSequentially(SuiteRunner.java:375)
	at org.testng.SuiteRunner.privateRun(SuiteRunner.java:340)
	at org.testng.SuiteRunner.run(SuiteRunner.java:289)
	at org.testng.SuiteRunnerWorker.runSuite(SuiteRunnerWorker.java:52)
	at org.testng.SuiteRunnerWorker.run(SuiteRunnerWorker.java:86)
	at org.testng.TestNG.runSuitesSequentially(TestNG.java:1301)
	at org.testng.TestNG.runSuitesLocally(TestNG.java:1226)
	at org.testng.TestNG.runSuites(TestNG.java:1144)
	at org.testng.TestNG.run(TestNG.java:1115)
	at org.testng.remote.AbstractRemoteTestNG.run(AbstractRemoteTestNG.java:126)
	at org.testng.remote.RemoteTestNG.initAndRun(RemoteTestNG.java:137)
	at org.testng.remote.RemoteTestNG.main(RemoteTestNG.java:58)
]]>
            </full-stacktrace>
          </exception> <!-- java.lang.AssertionError -->
          <reporter-output>
          </reporter-output>
        </test-method> <!-- ValidatePageURL -->
        <test-method status="PASS" signature="CloseBrowswe()[pri:0, instance:com.amazon.qa.testcases.HomePageTest@7cd62f43]" name="CloseBrowswe" is-config="true" duration-ms="1" started-at="2019-11-30T21:03:35Z" finished-at="2019-11-30T21:03:35Z">
          <reporter-output>
          </reporter-output>
        </test-method> <!-- CloseBrowswe -->
      </class> <!-- com.amazon.qa.testcases.HomePageTest -->
      <class name="com.amazon.qa.testcases.LoginPageTest">
        <test-method status="PASS" signature="setup()[pri:0, instance:com.amazon.qa.testcases.LoginPageTest@6a41eaa2]" name="setup" is-config="true" duration-ms="19047" started-at="2019-11-30T21:02:26Z" finished-at="2019-11-30T21:02:45Z">
          <reporter-output>
          </reporter-output>
        </test-method> <!-- setup -->
        <test-method status="PASS" signature="ValidatePageTitle()[pri:1, instance:com.amazon.qa.testcases.LoginPageTest@6a41eaa2]" name="ValidatePageTitle" duration-ms="18" started-at="2019-11-30T21:02:45Z" finished-at="2019-11-30T21:02:45Z">
          <reporter-output>
          </reporter-output>
        </test-method> <!-- ValidatePageTitle -->
        <test-method status="FAIL" signature="ValidatePageURL()[pri:2, instance:com.amazon.qa.testcases.LoginPageTest@6a41eaa2]" name="ValidatePageURL" duration-ms="17" started-at="2019-11-30T21:03:35Z" finished-at="2019-11-30T21:03:35Z">
          <exception class="java.lang.AssertionError">
            <message>
              <![CDATA[expected [https://www.amazon.in/gp/huc/view.html?ie=UTF8&newItems=C6bf35216-73f9-4e08-91d4-33657096de7f%2C3] but found [https://www.amazon.in/gp/huc/view.html?ie=UTF8&newItems=C72f24396-c130-47f4-8acd-7ac9bd79c1ec%2C3]]]>
            </message>
            <full-stacktrace>
              <![CDATA[java.lang.AssertionError: expected [https://www.amazon.in/gp/huc/view.html?ie=UTF8&newItems=C6bf35216-73f9-4e08-91d4-33657096de7f%2C3] but found [https://www.amazon.in/gp/huc/view.html?ie=UTF8&newItems=C72f24396-c130-47f4-8acd-7ac9bd79c1ec%2C3]
	at org.testng.Assert.fail(Assert.java:93)
	at org.testng.Assert.failNotEquals(Assert.java:512)
	at org.testng.Assert.assertEqualsImpl(Assert.java:134)
	at org.testng.Assert.assertEquals(Assert.java:115)
	at org.testng.Assert.assertEquals(Assert.java:189)
	at org.testng.Assert.assertEquals(Assert.java:199)
	at com.amazon.qa.testcases.LoginPageTest.ValidatePageURL(LoginPageTest.java:41)
	at sun.reflect.NativeMethodAccessorImpl.invoke0(Native Method)
	at sun.reflect.NativeMethodAccessorImpl.invoke(NativeMethodAccessorImpl.java:62)
	at sun.reflect.DelegatingMethodAccessorImpl.invoke(DelegatingMethodAccessorImpl.java:43)
	at java.lang.reflect.Method.invoke(Method.java:498)
	at org.testng.internal.MethodInvocationHelper.invokeMethod(MethodInvocationHelper.java:108)
	at org.testng.internal.Invoker.invokeMethod(Invoker.java:661)
	at org.testng.internal.Invoker.invokeTestMethod(Invoker.java:869)
	at org.testng.internal.Invoker.invokeTestMethods(Invoker.java:1193)
	at org.testng.internal.TestMethodWorker.invokeTestMethods(TestMethodWorker.java:126)
	at org.testng.internal.TestMethodWorker.run(TestMethodWorker.java:109)
	at org.testng.TestRunner.privateRun(TestRunner.java:744)
	at org.testng.TestRunner.run(TestRunner.java:602)
	at org.testng.SuiteRunner.runTest(SuiteRunner.java:380)
	at org.testng.SuiteRunner.runSequentially(SuiteRunner.java:375)
	at org.testng.SuiteRunner.privateRun(SuiteRunner.java:340)
	at org.testng.SuiteRunner.run(SuiteRunner.java:289)
	at org.testng.SuiteRunnerWorker.runSuite(SuiteRunnerWorker.java:52)
	at org.testng.SuiteRunnerWorker.run(SuiteRunnerWorker.java:86)
	at org.testng.TestNG.runSuitesSequentially(TestNG.java:1301)
	at org.testng.TestNG.runSuitesLocally(TestNG.java:1226)
	at org.testng.TestNG.runSuites(TestNG.java:1144)
	at org.testng.TestNG.run(TestNG.java:1115)
	at org.testng.remote.AbstractRemoteTestNG.run(AbstractRemoteTestNG.java:126)
	at org.testng.remote.RemoteTestNG.initAndRun(RemoteTestNG.java:137)
	at org.testng.remote.RemoteTestNG.main(RemoteTestNG.java:58)
]]>
            </full-stacktrace>
          </exception> <!-- java.lang.AssertionError -->
          <reporter-output>
          </reporter-output>
        </test-method> <!-- ValidatePageURL -->
        <test-method status="PASS" signature="CloseBrowswe()[pri:0, instance:com.amazon.qa.testcases.LoginPageTest@6a41eaa2]" name="CloseBrowswe" is-config="true" duration-ms="175" started-at="2019-11-30T21:04:03Z" finished-at="2019-11-30T21:04:03Z">
          <reporter-output>
          </reporter-output>
        </test-method> <!-- CloseBrowswe -->
      </class> <!-- com.amazon.qa.testcases.LoginPageTest -->
    </test> <!-- Test -->
  </suite> <!-- Suite -->
</testng-results>
